<?xml version="1.0" encoding="UTF-8"?>
<testsuite name="ru.stqa.pft.addressbook.tests.GroupCreationTests" tests="3" skipped="0" failures="0" errors="0" timestamp="2019-03-07T19:29:46" hostname="00Sparky" time="8.07">
  <properties/>
  <testcase name="testBadGroupCreation" classname="ru.stqa.pft.addressbook.tests.GroupCreationTests" time="3.301"/>
  <testcase name="testGroupCreation[0](GroupData{id='0', groupName='test 0'})" classname="ru.stqa.pft.addressbook.tests.GroupCreationTests" time="2.088"/>
  <testcase name="testGroupCreation[1](GroupData{id='0', groupName='test 1'})" classname="ru.stqa.pft.addressbook.tests.GroupCreationTests" time="2.316"/>
  <system-out><![CDATA[]]></system-out>
  <system-err><![CDATA[Security framework of XStream not initialized, XStream is probably vulnerable.
]]></system-err>
</testsuite>
