<?xml version="1.0" encoding="UTF-8"?>
<testsuite name="ru.stqa.pft.addressbook.tests.GroupDeleteTest" tests="1" skipped="0" failures="0" errors="0" timestamp="2019-03-07T19:29:57" hostname="00Sparky" time="1.349">
  <properties/>
  <testcase name="testGroupDelete" classname="ru.stqa.pft.addressbook.tests.GroupDeleteTest" time="1.349"/>
  <system-out><![CDATA[]]></system-out>
  <system-err><![CDATA[]]></system-err>
</testsuite>
